2020-01-11 22:34:17 *NORMAL*     Started on Windows 10.0.0.18362 x64. Driver status: 0xC0000225

2020-01-11 22:40:06 *NORMAL*     Started on Windows 10.0.0.18362 x64. Driver status: 0xC0000225
2020-01-11 22:40:58 *CRITICAL*   Injection initiated. Mode: 0, process type: 0, pid: 772, mmap flags: 0x0, erasePE: 0, unlink: 0, thread hijack: 0, init routine: '', init arg: ''
2020-01-11 22:40:58 *CRITICAL*   Injecting image 'C:\Users\Bertil Parkrud\Desktop\Isabella Menu v1.0.3\IsabellaMenu.ass'

2020-01-11 22:47:09 *NORMAL*     Started on Windows 10.0.0.18362 x64. Driver status: 0xC0000225
2020-01-11 22:47:11 *CRITICAL*   Injection initiated. Mode: 0, process type: 0, pid: 16608, mmap flags: 0x0, erasePE: 0, unlink: 0, thread hijack: 0, init routine: '', init arg: ''
2020-01-11 22:47:11 *CRITICAL*   Injecting image 'C:\Users\Bertil Parkrud\Desktop\Isabella Menu v1.0.3\IsabellaMenu.ass'

2020-01-11 23:01:17 *NORMAL*     Started on Windows 10.0.0.18362 x64. Driver status: 0xC0000225
2020-01-11 23:01:19 *CRITICAL*   Injection initiated. Mode: 0, process type: 0, pid: 10304, mmap flags: 0x0, erasePE: 0, unlink: 0, thread hijack: 0, init routine: '', init arg: ''
2020-01-11 23:01:19 *CRITICAL*   Injecting image 'C:\Users\Bertil Parkrud\Desktop\Isabella Menu v1.0.3\IsabellaMenu.ass'

2020-01-12 09:12:37 *NORMAL*     Started on Windows 10.0.0.18362 x64. Driver status: 0xC0000225
2020-01-12 09:12:38 *CRITICAL*   Injection initiated. Mode: 0, process type: 0, pid: 7964, mmap flags: 0x0, erasePE: 0, unlink: 0, thread hijack: 0, init routine: '', init arg: ''
2020-01-12 09:12:38 *CRITICAL*   Injecting image 'C:\Users\Bertil Parkrud\Desktop\Isabella Menu v1.0.3\IsabellaMenu.ass'

2020-01-12 09:30:30 *NORMAL*     Started on Windows 10.0.0.18362 x64. Driver status: 0xC0000225
2020-01-12 09:30:31 *CRITICAL*   Injection initiated. Mode: 0, process type: 0, pid: 5320, mmap flags: 0x0, erasePE: 0, unlink: 0, thread hijack: 0, init routine: '', init arg: ''
2020-01-12 09:30:31 *CRITICAL*   Injecting image 'C:\Users\Bertil Parkrud\Desktop\Isabella Menu v1.0.3\IsabellaMenu.ass'

2020-01-12 10:42:37 *NORMAL*     Started on Windows 10.0.0.18362 x64. Driver status: 0xC0000225
2020-01-12 10:42:38 *CRITICAL*   Injection initiated. Mode: 0, process type: 0, pid: 15948, mmap flags: 0x0, erasePE: 0, unlink: 0, thread hijack: 0, init routine: '', init arg: ''
2020-01-12 10:42:38 *CRITICAL*   Injecting image 'C:\Users\Bertil Parkrud\Desktop\Isabella Menu v1.0.3\IsabellaMenu.ass'

2020-01-12 14:23:07 *NORMAL*     Started on Windows 10.0.0.18362 x64. Driver status: 0xC0000225
2020-01-12 14:23:08 *CRITICAL*   Injection initiated. Mode: 0, process type: 0, pid: 4284, mmap flags: 0x0, erasePE: 0, unlink: 0, thread hijack: 0, init routine: '', init arg: ''
2020-01-12 14:23:08 *CRITICAL*   Injecting image 'C:\Users\Bertil Parkrud\Desktop\Isabella Menu v1.0.3\IsabellaMenu.ass'

2020-01-12 14:53:48 *NORMAL*     Started on Windows 10.0.0.18362 x64. Driver status: 0xC0000225
2020-01-12 14:53:50 *CRITICAL*   Injection initiated. Mode: 0, process type: 0, pid: 1128, mmap flags: 0x0, erasePE: 0, unlink: 0, thread hijack: 0, init routine: '', init arg: ''
2020-01-12 14:53:50 *CRITICAL*   Injecting image 'C:\Users\Bertil Parkrud\Desktop\Isabella Menu v1.0.3\IsabellaMenu.ass'

2020-01-12 15:22:18 *NORMAL*     Started on Windows 10.0.0.18362 x64. Driver status: 0xC0000225
2020-01-12 15:22:19 *CRITICAL*   Injection initiated. Mode: 0, process type: 0, pid: 14292, mmap flags: 0x0, erasePE: 0, unlink: 0, thread hijack: 0, init routine: '', init arg: ''
2020-01-12 15:22:19 *CRITICAL*   Injecting image 'C:\Users\Bertil Parkrud\Desktop\Isabella Menu v1.0.3\IsabellaMenu.ass'

2020-01-12 15:35:34 *NORMAL*     Started on Windows 10.0.0.18362 x64. Driver status: 0xC0000225
2020-01-12 15:35:37 *CRITICAL*   Injection initiated. Mode: 0, process type: 0, pid: 6152, mmap flags: 0x0, erasePE: 0, unlink: 0, thread hijack: 0, init routine: '', init arg: ''
2020-01-12 15:35:37 *CRITICAL*   Injecting image 'C:\Users\Bertil Parkrud\Desktop\Isabella Menu v1.0.3\IsabellaMenu.ass'

2020-01-12 17:08:09 *NORMAL*     Started on Windows 10.0.0.18362 x64. Driver status: 0xC0000225
2020-01-12 17:08:16 *CRITICAL*   Injection initiated. Mode: 0, process type: 0, pid: 11072, mmap flags: 0x0, erasePE: 0, unlink: 0, thread hijack: 0, init routine: '', init arg: ''
2020-01-12 17:08:16 *CRITICAL*   Injecting image 'C:\Users\Bertil Parkrud\Desktop\Isabella Menu v1.0.3\IsabellaMenu.ass'

2020-01-12 19:07:16 *NORMAL*     Started on Windows 10.0.0.18362 x64. Driver status: 0xC0000225

2020-01-12 19:07:27 *NORMAL*     Started on Windows 10.0.0.18362 x64. Driver status: 0xC0000225

2020-01-12 19:50:07 *NORMAL*     Started on Windows 10.0.0.18362 x64. Driver status: 0xC0000225
2020-01-12 19:50:08 *CRITICAL*   Injection initiated. Mode: 0, process type: 0, pid: 6980, mmap flags: 0x0, erasePE: 0, unlink: 0, thread hijack: 0, init routine: '', init arg: ''
2020-01-12 19:50:08 *CRITICAL*   Injecting image 'C:\Users\Bertil Parkrud\Desktop\Isabella Menu v1.0.3\IsabellaMenu.ass'

2020-01-12 20:43:43 *NORMAL*     Started on Windows 10.0.0.18362 x64. Driver status: 0xC0000225
2020-01-12 20:43:45 *CRITICAL*   Injection initiated. Mode: 0, process type: 0, pid: 6980, mmap flags: 0x0, erasePE: 0, unlink: 0, thread hijack: 0, init routine: '', init arg: ''
2020-01-12 20:43:45 *CRITICAL*   Injecting image 'C:\Users\Bertil Parkrud\Desktop\Isabella Menu v1.0.3\IsabellaMenu.ass'
2020-01-12 20:43:45 *ERROR*      Failed to inject image using default injection, status: 0xC000010E
2020-01-12 20:44:05 *CRITICAL*   Injection initiated. Mode: 0, process type: 0, pid: 6980, mmap flags: 0x0, erasePE: 0, unlink: 0, thread hijack: 0, init routine: '', init arg: ''
2020-01-12 20:44:05 *CRITICAL*   Injecting image 'C:\Users\Bertil Parkrud\Desktop\Isabella Menu v1.0.3\IsabellaMenu.ass'
2020-01-12 20:44:05 *ERROR*      Failed to inject image using default injection, status: 0xC000010E

2020-01-12 21:17:46 *NORMAL*     Started on Windows 10.0.0.18362 x64. Driver status: 0xC0000225
2020-01-12 21:17:48 *CRITICAL*   Injection initiated. Mode: 0, process type: 0, pid: 15960, mmap flags: 0x0, erasePE: 0, unlink: 0, thread hijack: 0, init routine: '', init arg: ''
2020-01-12 21:17:48 *CRITICAL*   Injecting image 'C:\Users\Bertil Parkrud\Desktop\Isabella Menu v1.0.3\IsabellaMenu.ass'

2020-01-13 17:55:31 *NORMAL*     Started on Windows 10.0.0.18362 x64. Driver status: 0xC0000225
2020-01-13 17:55:32 *CRITICAL*   Injection initiated. Mode: 0, process type: 0, pid: 14048, mmap flags: 0x0, erasePE: 0, unlink: 0, thread hijack: 0, init routine: '', init arg: ''
2020-01-13 17:55:32 *CRITICAL*   Injecting image 'C:\Users\Bertil Parkrud\Desktop\Isabella Menu v1.0.3\IsabellaMenu.ass'

2020-01-13 18:50:45 *NORMAL*     Started on Windows 10.0.0.18362 x64. Driver status: 0xC0000225
2020-01-13 18:50:46 *CRITICAL*   Injection initiated. Mode: 0, process type: 0, pid: 17232, mmap flags: 0x0, erasePE: 0, unlink: 0, thread hijack: 0, init routine: '', init arg: ''
2020-01-13 18:50:46 *CRITICAL*   Injecting image 'C:\Users\Bertil Parkrud\Desktop\Isabella Menu v1.0.3\IsabellaMenu.ass'

2020-01-13 19:01:51 *NORMAL*     Started on Windows 10.0.0.18362 x64. Driver status: 0xC0000225
2020-01-13 19:01:52 *CRITICAL*   Injection initiated. Mode: 0, process type: 0, pid: 17264, mmap flags: 0x0, erasePE: 0, unlink: 0, thread hijack: 0, init routine: '', init arg: ''
2020-01-13 19:01:52 *CRITICAL*   Injecting image 'C:\Users\Bertil Parkrud\Desktop\Isabella Menu v1.0.3\IsabellaMenu.ass'

2020-01-13 19:21:56 *NORMAL*     Started on Windows 10.0.0.18362 x64. Driver status: 0xC0000225
2020-01-13 19:21:57 *CRITICAL*   Injection initiated. Mode: 0, process type: 0, pid: 5044, mmap flags: 0x0, erasePE: 0, unlink: 0, thread hijack: 0, init routine: '', init arg: ''
2020-01-13 19:21:57 *CRITICAL*   Injecting image 'C:\Users\Bertil Parkrud\Desktop\Isabella Menu v1.0.3\IsabellaMenu.ass'

2020-01-16 15:42:52 *NORMAL*     Started on Windows 10.0.0.18362 x64. Driver status: 0xC0000225
2020-01-16 15:53:38 *CRITICAL*   Injection initiated. Mode: 0, process type: 0, pid: 8760, mmap flags: 0x0, erasePE: 0, unlink: 0, thread hijack: 0, init routine: '', init arg: ''
2020-01-16 15:53:38 *CRITICAL*   Injecting image 'C:\Users\Bertil Parkrud\Desktop\Isabella Menu v1.0.3\IsabellaMenu.ass'

2020-01-16 19:20:48 *NORMAL*     Started on Windows 10.0.0.18362 x64. Driver status: 0xC0000225
2020-01-16 19:20:50 *CRITICAL*   Injection initiated. Mode: 0, process type: 0, pid: 8088, mmap flags: 0x0, erasePE: 0, unlink: 0, thread hijack: 0, init routine: '', init arg: ''
2020-01-16 19:20:50 *CRITICAL*   Injecting image 'C:\Users\Bertil Parkrud\Desktop\Isabella Menu v1.0.3\IsabellaMenu.ass'

2020-01-17 18:29:25 *NORMAL*     Started on Windows 10.0.0.18362 x64. Driver status: 0xC0000225
2020-01-17 18:29:27 *CRITICAL*   Injection initiated. Mode: 0, process type: 0, pid: 13228, mmap flags: 0x0, erasePE: 0, unlink: 0, thread hijack: 0, init routine: '', init arg: ''
2020-01-17 18:29:27 *CRITICAL*   Injecting image 'C:\Users\Bertil Parkrud\Desktop\Isabella Menu v1.0.3\IsabellaMenu.ass'
2020-01-17 18:29:28 *CRITICAL*   Injection initiated. Mode: 0, process type: 0, pid: 13228, mmap flags: 0x0, erasePE: 0, unlink: 0, thread hijack: 0, init routine: '', init arg: ''
2020-01-17 18:29:28 *CRITICAL*   Injecting image 'C:\Users\Bertil Parkrud\Desktop\Isabella Menu v1.0.3\IsabellaMenu.ass'
2020-01-17 18:29:28 *ERROR*      Failed to inject image using default injection, status: 0xC000010E

2020-01-17 18:46:57 *NORMAL*     Started on Windows 10.0.0.18362 x64. Driver status: 0xC0000225
2020-01-17 18:46:58 *CRITICAL*   Injection initiated. Mode: 0, process type: 0, pid: 1996, mmap flags: 0x0, erasePE: 0, unlink: 0, thread hijack: 0, init routine: '', init arg: ''
2020-01-17 18:46:58 *CRITICAL*   Injecting image 'C:\Users\Bertil Parkrud\Desktop\Isabella Menu v1.0.3\IsabellaMenu.ass'

2020-01-17 19:52:34 *NORMAL*     Started on Windows 10.0.0.18362 x64. Driver status: 0xC0000225
2020-01-17 19:52:35 *CRITICAL*   Injection initiated. Mode: 0, process type: 0, pid: 15740, mmap flags: 0x0, erasePE: 0, unlink: 0, thread hijack: 0, init routine: '', init arg: ''
2020-01-17 19:52:35 *CRITICAL*   Injecting image 'C:\Users\Bertil Parkrud\Desktop\Isabella Menu v1.0.3\IsabellaMenu.ass'

2020-01-18 11:07:23 *NORMAL*     Started on Windows 10.0.0.18362 x64. Driver status: 0xC0000225
2020-01-18 11:07:25 *CRITICAL*   Injection initiated. Mode: 0, process type: 0, pid: 12256, mmap flags: 0x0, erasePE: 0, unlink: 0, thread hijack: 0, init routine: '', init arg: ''
2020-01-18 11:07:25 *CRITICAL*   Injecting image 'C:\Users\Bertil Parkrud\Desktop\Isabella Menu v1.0.3\IsabellaMenu.ass'

2020-01-18 16:40:56 *NORMAL*     Started on Windows 10.0.0.18362 x64. Driver status: 0xC0000225
2020-01-18 16:55:24 *CRITICAL*   Injection initiated. Mode: 0, process type: 0, pid: 5380, mmap flags: 0x0, erasePE: 0, unlink: 0, thread hijack: 0, init routine: '', init arg: ''
2020-01-18 16:55:24 *CRITICAL*   Injecting image 'C:\Users\Bertil Parkrud\Desktop\Isabella Menu v1.0.3\IsabellaMenu.ass'
2020-01-18 17:04:35 *CRITICAL*   Injection initiated. Mode: 0, process type: 0, pid: 5380, mmap flags: 0x0, erasePE: 0, unlink: 0, thread hijack: 0, init routine: '', init arg: ''
2020-01-18 17:04:35 *ERROR*      Can not attach to the process.
Ett försök gjordes att använda en befintlig process.

2020-01-18 17:04:47 *CRITICAL*   Injection initiated. Mode: 0, process type: 0, pid: 1560, mmap flags: 0x0, erasePE: 0, unlink: 0, thread hijack: 0, init routine: '', init arg: ''
2020-01-18 17:04:47 *CRITICAL*   Injecting image 'C:\Users\Bertil Parkrud\Desktop\Isabella Menu v1.0.3\IsabellaMenu.ass'

2020-01-18 17:40:49 *NORMAL*     Started on Windows 10.0.0.18362 x64. Driver status: 0xC0000225
2020-01-18 17:40:50 *CRITICAL*   Injection initiated. Mode: 0, process type: 0, pid: 3156, mmap flags: 0x0, erasePE: 0, unlink: 0, thread hijack: 0, init routine: '', init arg: ''
2020-01-18 17:40:50 *CRITICAL*   Injecting image 'C:\Users\Bertil Parkrud\Desktop\Isabella Menu v1.0.3\IsabellaMenu.ass'

2020-01-19 11:59:56 *NORMAL*     Started on Windows 10.0.0.18362 x64. Driver status: 0xC0000225
2020-01-19 11:59:59 *CRITICAL*   Injection initiated. Mode: 0, process type: 0, pid: 11804, mmap flags: 0x0, erasePE: 0, unlink: 0, thread hijack: 0, init routine: '', init arg: ''
2020-01-19 11:59:59 *CRITICAL*   Injecting image 'C:\Users\Bertil Parkrud\Desktop\Isabella Menu v1.0.3\IsabellaMenu.ass'

2020-01-19 12:48:55 *NORMAL*     Started on Windows 10.0.0.18362 x64. Driver status: 0xC0000225
2020-01-19 12:48:56 *CRITICAL*   Injection initiated. Mode: 0, process type: 0, pid: 14516, mmap flags: 0x0, erasePE: 0, unlink: 0, thread hijack: 0, init routine: '', init arg: ''
2020-01-19 12:48:56 *CRITICAL*   Injecting image 'C:\Users\Bertil Parkrud\Desktop\Isabella Menu v1.0.3\IsabellaMenu.ass'

